<?xml version="1.0" encoding="UTF-8"?>
<!-- Generated by org.testng.reporters.JUnitReportReporter -->
<testsuite hostname="BoseFamily" failures="0" tests="1" name="applicationLayer.DriverScript" time="15.547" errors="0" timestamp="2023-08-31T21:15:22 IST" skipped="0">
  <testcase classname="applicationLayer.DriverScript" name="startTest" time="15.547">
    <system-out>
      <![CDATA[No of rows::8
Emp login success0848   0848
Emp login success0849   0849
Emp login success0850   0850
Emp login success0851   0851
Emp login success0852   0852
Emp login success0853   0853
Emp login success0854   0854
Emp login success0855   0855]]>
    </system-out>
  </testcase> <!-- startTest -->
  <system-out>
    <![CDATA[No of rows::8
Emp login success0848   0848
Emp login success0849   0849
Emp login success0850   0850
Emp login success0851   0851
Emp login success0852   0852
Emp login success0853   0853
Emp login success0854   0854
Emp login success0855   0855]]>
  </system-out>
</testsuite> <!-- applicationLayer.DriverScript -->
